<?xml version="1.0" encoding="UTF-8"?>
<!-- Generated by org.testng.reporters.JUnitReportReporter -->
<testsuite hostname="IN-PG02NKHN" failures="0" tests="1" name="TestCase.AmazonLoginTest" time="3.752" errors="0" timestamp="09 Jan 2024 08:00:36 GMT" skipped="0">
  <testcase classname="TestCase.AmazonLoginTest" name="CheckLogin" time="3.752"/>
</testsuite> <!-- TestCase.AmazonLoginTest -->
