<?xml version="1.0" encoding="UTF-8"?>
<!-- Generated by org.testng.reporters.JUnitReportReporter -->
<testsuite hostname="IN-PG02NKHN" failures="0" tests="1" name="TestCase.HambugOptionTest" time="6.939" errors="0" timestamp="11 Jan 2024 07:29:33 GMT" skipped="0">
  <testcase classname="TestCase.HambugOptionTest" name="HambugOption" time="6.939"/>
</testsuite> <!-- TestCase.HambugOptionTest -->
