<?xml version="1.0" encoding="UTF-8"?>
<!-- Generated by org.testng.reporters.JUnitReportReporter -->
<testsuite hostname="IN-PG02NKHN" failures="0" tests="1" name="TestCase.HambugOptionTest" time="6.129" errors="0" timestamp="10 Jan 2024 05:16:18 GMT" skipped="0">
  <testcase classname="TestCase.HambugOptionTest" name="HambugOption" time="6.129"/>
</testsuite> <!-- TestCase.HambugOptionTest -->
