<?xml version="1.0" encoding="UTF-8"?>
<!-- Generated by org.testng.reporters.JUnitReportReporter -->
<testsuite hostname="IN-PG02NKHN" failures="0" tests="1" name="TestCase.AmazonLoginTest" time="10.157" errors="0" timestamp="10 Jan 2024 05:26:45 GMT" skipped="0">
  <testcase classname="TestCase.AmazonLoginTest" name="CheckLogin" time="10.157"/>
</testsuite> <!-- TestCase.AmazonLoginTest -->
