<?xml version="1.0" encoding="UTF-8"?>
<!-- Generated by org.testng.reporters.JUnitReportReporter -->
<testsuite hostname="IN-PG02NKHN" failures="0" tests="1" name="TestCase.AmazonLoginTest" time="5.710" errors="0" timestamp="11 Jan 2024 07:28:55 GMT" skipped="0">
  <testcase classname="TestCase.AmazonLoginTest" name="CheckLogin" time="5.710"/>
</testsuite> <!-- TestCase.AmazonLoginTest -->
