<?xml version="1.0" encoding="UTF-8"?>
<!-- Generated by org.testng.reporters.JUnitReportReporter -->
<testsuite hostname="IN-PG02NKHN" failures="0" tests="1" name="TestCase.GoogleSearchTest" time="7.081" errors="0" timestamp="10 Jan 2024 05:27:00 GMT" skipped="0">
  <testcase classname="TestCase.GoogleSearchTest" name="Search" time="7.081"/>
</testsuite> <!-- TestCase.GoogleSearchTest -->
