<?xml version="1.0" encoding="UTF-8"?>
<!-- Generated by org.testng.reporters.JUnitReportReporter -->
<testsuite hostname="IN-PG02NKHN" failures="0" tests="1" name="TestCase.GoogleSearchTest" time="5.539" errors="0" timestamp="09 Jan 2024 08:17:53 GMT" skipped="0">
  <testcase classname="TestCase.GoogleSearchTest" name="Search" time="5.539"/>
</testsuite> <!-- TestCase.GoogleSearchTest -->
