<?xml version="1.0" encoding="UTF-8"?>
<!-- Generated by org.testng.reporters.JUnitReportReporter -->
<testsuite hostname="IN-PG02NKHN" failures="0" tests="1" name="TestCase.GoogleSearchTest" time="4.402" errors="0" timestamp="11 Jan 2024 07:29:10 GMT" skipped="0">
  <testcase classname="TestCase.GoogleSearchTest" name="Search" time="4.402"/>
</testsuite> <!-- TestCase.GoogleSearchTest -->
